---------- Date: 2015-07-19 21:24:47 ~ IP : ::1 ----------
REQUEST URI : /TechWorld-OpenCart/
VQMod::_parseMods - INVALID XML FILE: : Opening and ending tag mismatch: file line 8 and operation in file:///C:/wamp/www/TechWorld-OpenCart/vqmod/xml/vqmod_theme_change_at_night.xml, line: 16
----------------------------------------------------------------------


---------- Date: 2015-07-19 21:26:09 ~ IP : ::1 ----------
REQUEST URI : /TechWorld-OpenCart/
VQMod::_parseMods - INVALID XML FILE: : Opening and ending tag mismatch: file line 8 and operation in file:///C:/wamp/www/TechWorld-OpenCart/vqmod/xml/vqmod_theme_change_at_night.xml, line: 16
----------------------------------------------------------------------


---------- Date: 2015-07-19 21:28:48 ~ IP : ::1 ----------
REQUEST URI : /TechWorld-OpenCart/
VQMod::_parseMods - INVALID XML FILE: : Opening and ending tag mismatch: file line 8 and operation in file:///C:/wamp/www/TechWorld-OpenCart/vqmod/xml/vqmod_theme_change_at_night.xml, line: 16
----------------------------------------------------------------------


---------- Date: 2015-07-19 21:33:01 ~ IP : ::1 ----------
REQUEST URI : /TechWorld-OpenCart/
VQMod::_parseMods - INVALID XML FILE: : Opening and ending tag mismatch: file line 8 and operation in file:///C:/wamp/www/TechWorld-OpenCart/vqmod/xml/vqmod_theme_change_at_night.xml, line: 16
----------------------------------------------------------------------


---------- Date: 2015-07-19 21:33:14 ~ IP : ::1 ----------
REQUEST URI : /TechWorld-OpenCart/
VQMod::_parseMods - INVALID XML FILE: : Opening and ending tag mismatch: file line 8 and operation in file:///C:/wamp/www/TechWorld-OpenCart/vqmod/xml/vqmod_theme_change_at_night.xml, line: 16
----------------------------------------------------------------------


---------- Date: 2015-07-19 21:38:09 ~ IP : ::1 ----------
REQUEST URI : /TechWorld-OpenCart/
VQMod::_parseMods - INVALID XML FILE: : Opening and ending tag mismatch: file line 8 and operation in file:///C:/wamp/www/TechWorld-OpenCart/vqmod/xml/vqmod_opencart_th.xml, line: 16
----------------------------------------------------------------------


